0 info it worked if it ends with ok
1 verbose cli [ 'C:\\Program Files\\nodejs\\node.exe',
1 verbose cli   'C:\\Program Files\\nodejs\\node_modules\\npm\\bin\\npm-cli.js',
1 verbose cli   'start' ]
2 info using npm@3.10.9
3 info using node@v6.9.2
4 verbose run-script [ 'prestart', 'start', 'poststart' ]
5 info lifecycle weapp-meizhitu@1.0.0~prestart: weapp-meizhitu@1.0.0
6 silly lifecycle weapp-meizhitu@1.0.0~prestart: no script for prestart, continuing
7 info lifecycle weapp-meizhitu@1.0.0~start: weapp-meizhitu@1.0.0
8 verbose lifecycle weapp-meizhitu@1.0.0~start: unsafe-perm in lifecycle true
9 verbose lifecycle weapp-meizhitu@1.0.0~start: PATH: C:\Program Files\nodejs\node_modules\npm\bin\node-gyp-bin;E:\weapp\weapp-51Meizhitu\MeizhituServer\node_modules\.bin;C:\ProgramData\Oracle\Java\javapath;C:\Program Files (x86)\Intel\iCLS Client\;C:\Program Files\Intel\iCLS Client\;C:\Windows\system32;C:\Windows;C:\Windows\System32\Wbem;C:\Windows\System32\WindowsPowerShell\v1.0\;C:\Program Files\Intel\Intel(R) Management Engine Components\DAL;C:\Program Files\Intel\Intel(R) Management Engine Components\IPT;C:\Program Files (x86)\Intel\Intel(R) Management Engine Components\DAL;C:\Program Files (x86)\Intel\Intel(R) Management Engine Components\IPT;C:\Program Files\Java\jdk1.8.0_111\bin;C:\Program Files\Java\jdk1.8.0_111\jre\bin;D:\Android\android_sdk\platform-tools;D:\Android\android_sdk\tools;c:\Program Files\Git\cmd;C:\Program Files\nodejs;C:\Program Files\nodejs\;C:\Program Files (x86)\Windows Kits\8.1\Windows Performance Toolkit\;C:\Program Files\Microsoft SQL Server\110\Tools\Binn\;D:\Program Files (x86)\Brackets\command;C:\Users\DELL\AppData\Local\Programs\Python\Python36-32\Scripts\;C:\Users\DELL\AppData\Local\Programs\Python\Python36-32\;C:\Users\DELL\AppData\Roaming\npm
10 verbose lifecycle weapp-meizhitu@1.0.0~start: CWD: E:\weapp\weapp-51Meizhitu\MeizhituServer
11 silly lifecycle weapp-meizhitu@1.0.0~start: Args: [ '/d /s /c', 'node app-meizitu.js' ]
12 silly lifecycle weapp-meizhitu@1.0.0~start: Returned: code: 1  signal: null
13 info lifecycle weapp-meizhitu@1.0.0~start: Failed to exec start script
14 verbose stack Error: weapp-meizhitu@1.0.0 start: `node app-meizitu.js`
14 verbose stack Exit status 1
14 verbose stack     at EventEmitter.<anonymous> (C:\Program Files\nodejs\node_modules\npm\lib\utils\lifecycle.js:255:16)
14 verbose stack     at emitTwo (events.js:106:13)
14 verbose stack     at EventEmitter.emit (events.js:191:7)
14 verbose stack     at ChildProcess.<anonymous> (C:\Program Files\nodejs\node_modules\npm\lib\utils\spawn.js:40:14)
14 verbose stack     at emitTwo (events.js:106:13)
14 verbose stack     at ChildProcess.emit (events.js:191:7)
14 verbose stack     at maybeClose (internal/child_process.js:877:16)
14 verbose stack     at Process.ChildProcess._handle.onexit (internal/child_process.js:226:5)
15 verbose pkgid weapp-meizhitu@1.0.0
16 verbose cwd E:\weapp\weapp-51Meizhitu\MeizhituServer
17 error Windows_NT 6.1.7601
18 error argv "C:\\Program Files\\nodejs\\node.exe" "C:\\Program Files\\nodejs\\node_modules\\npm\\bin\\npm-cli.js" "start"
19 error node v6.9.2
20 error npm  v3.10.9
21 error code ELIFECYCLE
22 error weapp-meizhitu@1.0.0 start: `node app-meizitu.js`
22 error Exit status 1
23 error Failed at the weapp-meizhitu@1.0.0 start script 'node app-meizitu.js'.
23 error Make sure you have the latest version of node.js and npm installed.
23 error If you do, this is most likely a problem with the weapp-meizhitu package,
23 error not with npm itself.
23 error Tell the author that this fails on your system:
23 error     node app-meizitu.js
23 error You can get information on how to open an issue for this project with:
23 error     npm bugs weapp-meizhitu
23 error Or if that isn't available, you can get their info via:
23 error     npm owner ls weapp-meizhitu
23 error There is likely additional logging output above.
24 verbose exit [ 1, true ]
